build/app/intermediates/manifest_merge_blame_file/debug/manifest-merger-blame-debug-report.txt
1<?xml version="1.0" encoding="utf-8"?>
2<manifest xmlns:android="http://schemas.android.com/apk/res/android"
3    package="com.amate.lynks"
4    android:versionCode="1"
5    android:versionName="1.0.0" >
6
7    <uses-sdk
8        android:minSdkVersion="21"
9        android:targetSdkVersion="33" />
10    <!--
11         Flutter needs it to communicate with the running application
12         to allow setting breakpoints, to provide hot reload, etc.
13    -->
14    <uses-permission android:name="android.permission.INTERNET" />
14-->src/main/AndroidManifest.xml:4:5-66
14-->src/main/AndroidManifest.xml:4:22-64
15    <uses-permission android:name="android.permission.CAMERA" />
15-->src/main/AndroidManifest.xml:5:5-64
15-->src/main/AndroidManifest.xml:5:22-62
16    <uses-permission android:name="android.permission.READ_EXTERNAL_STORAGE" />
16-->src/main/AndroidManifest.xml:6:5-80
16-->src/main/AndroidManifest.xml:6:22-77
17    <uses-permission android:name="android.permission.WRITE_EXTERNAL_STORAGE" />
17-->src/main/AndroidManifest.xml:7:5-81
17-->src/main/AndroidManifest.xml:7:22-78
18
19    <queries>
19-->[:file_picker] AndroidManifest.xml:11:5-17:15
20        <intent>
20-->[:file_picker] AndroidManifest.xml:12:9-16:18
21            <action android:name="android.intent.action.GET_CONTENT" />
21-->[:file_picker] AndroidManifest.xml:13:13-72
21-->[:file_picker] AndroidManifest.xml:13:21-69
22
23            <data android:mimeType="*/*" />
23-->src/main/AndroidManifest.xml:27:17-75
24        </intent>
25    </queries>
26
27    <uses-permission android:name="android.permission.ACCESS_NETWORK_STATE" />
27-->[com.google.firebase:firebase-auth:21.1.0] AndroidManifest.xml:24:5-79
27-->[com.google.firebase:firebase-auth:21.1.0] AndroidManifest.xml:24:22-76
28    <uses-permission android:name="com.google.android.finsky.permission.BIND_GET_INSTALL_REFERRER_SERVICE" />
28-->[com.android.installreferrer:installreferrer:1.0] AndroidManifest.xml:9:5-110
28-->[com.android.installreferrer:installreferrer:1.0] AndroidManifest.xml:9:22-107
29
30    <application
30-->src/main/AndroidManifest.xml:9:5-79:19
31        android:appComponentFactory="androidx.core.app.CoreComponentFactory"
31-->[androidx.core:core:1.8.0] AndroidManifest.xml:24:18-86
32        android:debuggable="true"
33        android:icon="@mipmap/ic_launcher"
33-->src/main/AndroidManifest.xml:12:9-43
34        android:label="Lynks"
34-->src/main/AndroidManifest.xml:10:9-30
35        android:requestLegacyExternalStorage="true"
35-->src/main/AndroidManifest.xml:13:9-52
36        android:supportsRtl="true" >
36-->[com.facebook.android:facebook-login:12.2.0] AndroidManifest.xml:28:18-44
37        <meta-data
37-->src/main/AndroidManifest.xml:14:9-15:50
38            android:name="com.facebook.sdk.ApplicationId"
38-->src/main/AndroidManifest.xml:14:20-65
39            android:value="@string/facebook_app_id" />
39-->src/main/AndroidManifest.xml:15:9-48
40
41        <activity
41-->src/main/AndroidManifest.xml:16:9-19:48
42            android:name="com.facebook.FacebookActivity"
42-->src/main/AndroidManifest.xml:16:19-63
43            android:configChanges="keyboard|keyboardHidden|screenLayout|screenSize|orientation"
43-->src/main/AndroidManifest.xml:17:13-117
44            android:label="@string/app_name"
44-->src/main/AndroidManifest.xml:19:13-45
45            android:theme="@style/com_facebook_activity_theme" />
45-->[com.facebook.android:facebook-common:12.2.0] AndroidManifest.xml:33:13-63
46        <activity
46-->src/main/AndroidManifest.xml:20:9-29:20
47            android:name="com.facebook.CustomTabActivity"
47-->src/main/AndroidManifest.xml:21:13-58
48            android:exported="true" >
48-->src/main/AndroidManifest.xml:22:13-36
49            <intent-filter>
49-->src/main/AndroidManifest.xml:23:13-28:29
50                <action android:name="android.intent.action.VIEW" />
50-->src/main/AndroidManifest.xml:24:17-69
50-->src/main/AndroidManifest.xml:24:25-66
51
52                <category android:name="android.intent.category.DEFAULT" />
52-->src/main/AndroidManifest.xml:25:17-76
52-->src/main/AndroidManifest.xml:25:27-73
53                <category android:name="android.intent.category.BROWSABLE" />
53-->src/main/AndroidManifest.xml:26:17-78
53-->src/main/AndroidManifest.xml:26:27-75
54
55                <data android:scheme="@string/fb_login_protocol_scheme" />
55-->src/main/AndroidManifest.xml:27:17-75
55-->src/main/AndroidManifest.xml:27:23-72
56            </intent-filter>
57            <intent-filter>
57-->[com.facebook.android:facebook-common:12.2.0] AndroidManifest.xml:39:13-48:29
58                <action android:name="android.intent.action.VIEW" />
58-->src/main/AndroidManifest.xml:24:17-69
58-->src/main/AndroidManifest.xml:24:25-66
59
60                <category android:name="android.intent.category.DEFAULT" />
60-->src/main/AndroidManifest.xml:25:17-76
60-->src/main/AndroidManifest.xml:25:27-73
61                <category android:name="android.intent.category.BROWSABLE" />
61-->src/main/AndroidManifest.xml:26:17-78
61-->src/main/AndroidManifest.xml:26:27-75
62
63                <data
63-->src/main/AndroidManifest.xml:27:17-75
64                    android:host="cct.com.amate.lynks"
65                    android:scheme="fbconnect" />
65-->src/main/AndroidManifest.xml:27:23-72
66            </intent-filter>
67        </activity>
68        <activity
68-->src/main/AndroidManifest.xml:31:9-69:20
69            android:name="com.amate.lynks.MainActivity"
69-->src/main/AndroidManifest.xml:32:13-41
70            android:configChanges="orientation|keyboardHidden|keyboard|screenSize|smallestScreenSize|locale|layoutDirection|fontScale|screenLayout|density|uiMode"
70-->src/main/AndroidManifest.xml:36:13-163
71            android:exported="true"
71-->src/main/AndroidManifest.xml:33:13-36
72            android:hardwareAccelerated="true"
72-->src/main/AndroidManifest.xml:37:13-47
73            android:launchMode="singleTop"
73-->src/main/AndroidManifest.xml:34:13-43
74            android:theme="@style/LaunchTheme"
74-->src/main/AndroidManifest.xml:35:13-47
75            android:windowSoftInputMode="adjustResize" >
75-->src/main/AndroidManifest.xml:38:13-55
76
77            <!--
78                 Specifies an Android theme to apply to this Activity as soon as
79                 the Android process has started. This theme is visible to the user
80                 while the Flutter UI initializes. After that, this theme continues
81                 to determine the Window background behind the Flutter UI.
82            -->
83            <meta-data
83-->src/main/AndroidManifest.xml:43:13-46:17
84                android:name="io.flutter.embedding.android.NormalTheme"
84-->src/main/AndroidManifest.xml:44:15-70
85                android:resource="@style/NormalTheme" />
85-->src/main/AndroidManifest.xml:45:15-52
86            <!--
87                 Displays an Android View that continues showing the launch screen
88                 Drawable until Flutter paints its first frame, then this splash
89                 screen fades out. A splash screen is useful to avoid any visual
90                 gap between the end of Android's launch screen and the painting of
91                 Flutter's first frame.
92            -->
93            <meta-data
93-->src/main/AndroidManifest.xml:52:13-55:17
94                android:name="io.flutter.embedding.android.SplashScreenDrawable"
94-->src/main/AndroidManifest.xml:53:15-79
95                android:resource="@drawable/launch_background" />
95-->src/main/AndroidManifest.xml:54:15-61
96
97            <intent-filter>
97-->src/main/AndroidManifest.xml:56:13-59:29
98                <action android:name="android.intent.action.MAIN" />
98-->src/main/AndroidManifest.xml:57:17-68
98-->src/main/AndroidManifest.xml:57:25-66
99
100                <category android:name="android.intent.category.LAUNCHER" />
100-->src/main/AndroidManifest.xml:58:17-76
100-->src/main/AndroidManifest.xml:58:27-74
101            </intent-filter>
102            <!-- Deep linking -->
103            <meta-data
103-->src/main/AndroidManifest.xml:61:13-90
104                android:name="flutter_deeplinking_enabled"
104-->src/main/AndroidManifest.xml:61:24-66
105                android:value="true" />
105-->src/main/AndroidManifest.xml:61:67-87
106
107            <intent-filter android:autoVerify="true" >
107-->src/main/AndroidManifest.xml:62:13-67:29
107-->src/main/AndroidManifest.xml:62:28-53
108                <action android:name="android.intent.action.VIEW" />
108-->src/main/AndroidManifest.xml:24:17-69
108-->src/main/AndroidManifest.xml:24:25-66
109
110                <category android:name="android.intent.category.DEFAULT" />
110-->src/main/AndroidManifest.xml:25:17-76
110-->src/main/AndroidManifest.xml:25:27-73
111                <category android:name="android.intent.category.BROWSABLE" />
111-->src/main/AndroidManifest.xml:26:17-78
111-->src/main/AndroidManifest.xml:26:27-75
112
113                <data
113-->src/main/AndroidManifest.xml:27:17-75
114                    android:host="lynks.com"
115                    android:scheme="lynks" />
115-->src/main/AndroidManifest.xml:27:23-72
116            </intent-filter>
117        </activity>
118
119        <!--
120             Don't delete the meta-data below.
121             This is used by the Flutter tool to generate GeneratedPluginRegistrant.java
122        -->
123        <meta-data
123-->src/main/AndroidManifest.xml:73:9-75:33
124            android:name="flutterEmbedding"
124-->src/main/AndroidManifest.xml:74:13-44
125            android:value="2" />
125-->src/main/AndroidManifest.xml:75:13-30
126
127        <service
127-->[:cloud_firestore] AndroidManifest.xml:10:9-14:19
128            android:name="com.google.firebase.components.ComponentDiscoveryService"
128-->[:cloud_firestore] AndroidManifest.xml:10:18-89
129            android:directBootAware="true"
129-->[com.google.firebase:firebase-common:20.2.0] AndroidManifest.xml:34:13-43
130            android:exported="false" >
130-->[com.google.firebase:firebase-auth:21.1.0] AndroidManifest.xml:66:13-37
131            <meta-data
131-->[:cloud_firestore] AndroidManifest.xml:11:13-13:85
132                android:name="com.google.firebase.components:io.flutter.plugins.firebase.firestore.FlutterFirebaseFirestoreRegistrar"
132-->[:cloud_firestore] AndroidManifest.xml:12:17-134
133                android:value="com.google.firebase.components.ComponentRegistrar" />
133-->[:cloud_firestore] AndroidManifest.xml:13:17-82
134            <meta-data
134-->[:firebase_auth] AndroidManifest.xml:11:13-13:85
135                android:name="com.google.firebase.components:io.flutter.plugins.firebase.auth.FlutterFirebaseAuthRegistrar"
135-->[:firebase_auth] AndroidManifest.xml:12:17-124
136                android:value="com.google.firebase.components.ComponentRegistrar" />
136-->[:firebase_auth] AndroidManifest.xml:13:17-82
137            <meta-data
137-->[:firebase_storage] AndroidManifest.xml:11:13-13:85
138                android:name="com.google.firebase.components:io.flutter.plugins.firebase.storage.FlutterFirebaseAppRegistrar"
138-->[:firebase_storage] AndroidManifest.xml:12:17-126
139                android:value="com.google.firebase.components.ComponentRegistrar" />
139-->[:firebase_storage] AndroidManifest.xml:13:17-82
140            <meta-data
140-->[:firebase_core] AndroidManifest.xml:11:13-13:85
141                android:name="com.google.firebase.components:io.flutter.plugins.firebase.core.FlutterFirebaseCoreRegistrar"
141-->[:firebase_core] AndroidManifest.xml:12:17-124
142                android:value="com.google.firebase.components.ComponentRegistrar" />
142-->[:firebase_core] AndroidManifest.xml:13:17-82
143            <meta-data
143-->[com.google.firebase:firebase-auth:21.1.0] AndroidManifest.xml:67:13-69:85
144                android:name="com.google.firebase.components:com.google.firebase.auth.FirebaseAuthRegistrar"
144-->[com.google.firebase:firebase-auth:21.1.0] AndroidManifest.xml:68:17-109
145                android:value="com.google.firebase.components.ComponentRegistrar" />
145-->[com.google.firebase:firebase-auth:21.1.0] AndroidManifest.xml:69:17-82
146            <meta-data
146-->[com.google.firebase:firebase-firestore:24.4.0] AndroidManifest.xml:19:13-21:85
147                android:name="com.google.firebase.components:com.google.firebase.firestore.FirestoreRegistrar"
147-->[com.google.firebase:firebase-firestore:24.4.0] AndroidManifest.xml:20:17-111
148                android:value="com.google.firebase.components.ComponentRegistrar" />
148-->[com.google.firebase:firebase-firestore:24.4.0] AndroidManifest.xml:21:17-82
149            <meta-data
149-->[com.google.firebase:firebase-storage:20.1.0] AndroidManifest.xml:32:13-34:85
150                android:name="com.google.firebase.components:com.google.firebase.storage.StorageRegistrar"
150-->[com.google.firebase:firebase-storage:20.1.0] AndroidManifest.xml:33:17-107
151                android:value="com.google.firebase.components.ComponentRegistrar" />
151-->[com.google.firebase:firebase-storage:20.1.0] AndroidManifest.xml:34:17-82
152        </service>
153
154        <provider
154-->[:image_picker_android] AndroidManifest.xml:10:9-18:20
155            android:name="io.flutter.plugins.imagepicker.ImagePickerFileProvider"
155-->[:image_picker_android] AndroidManifest.xml:11:13-82
156            android:authorities="com.amate.lynks.flutter.image_provider"
156-->[:image_picker_android] AndroidManifest.xml:12:13-74
157            android:exported="false"
157-->[:image_picker_android] AndroidManifest.xml:13:13-37
158            android:grantUriPermissions="true" >
158-->[:image_picker_android] AndroidManifest.xml:14:13-47
159            <meta-data
159-->[:image_picker_android] AndroidManifest.xml:15:13-17:75
160                android:name="android.support.FILE_PROVIDER_PATHS"
160-->[:image_picker_android] AndroidManifest.xml:16:17-67
161                android:resource="@xml/flutter_image_picker_file_paths" />
161-->[:image_picker_android] AndroidManifest.xml:17:17-72
162        </provider>
163
164        <activity
164-->[:url_launcher_android] AndroidManifest.xml:10:9-13:74
165            android:name="io.flutter.plugins.urllauncher.WebViewActivity"
165-->[:url_launcher_android] AndroidManifest.xml:11:13-74
166            android:exported="false"
166-->[:url_launcher_android] AndroidManifest.xml:12:13-37
167            android:theme="@android:style/Theme.NoTitleBar.Fullscreen" />
167-->[:url_launcher_android] AndroidManifest.xml:13:13-71
168        <activity android:name="com.facebook.CustomTabMainActivity" />
168-->[com.facebook.android:facebook-common:12.2.0] AndroidManifest.xml:34:9-71
168-->[com.facebook.android:facebook-common:12.2.0] AndroidManifest.xml:34:19-68
169        <!--
170         The initialization ContentProvider will call FacebookSdk.sdkInitialize automatically
171         with the application context. This config is merged in with the host app's manifest,
172         but there can only be one provider with the same authority activated at any given
173         point; so if the end user has two or more different apps that use Facebook SDK, only the
174         first one will be able to use the provider. To work around this problem, we use the
175         following placeholder in the authority to identify each host application as if it was
176         a completely different provider.
177        -->
178        <provider
178-->[com.facebook.android:facebook-core:12.2.0] AndroidManifest.xml:39:9-42:40
179            android:name="com.facebook.internal.FacebookInitProvider"
179-->[com.facebook.android:facebook-core:12.2.0] AndroidManifest.xml:40:13-70
180            android:authorities="com.amate.lynks.FacebookInitProvider"
180-->[com.facebook.android:facebook-core:12.2.0] AndroidManifest.xml:41:13-72
181            android:exported="false" />
181-->[com.facebook.android:facebook-core:12.2.0] AndroidManifest.xml:42:13-37
182
183        <receiver
183-->[com.facebook.android:facebook-core:12.2.0] AndroidManifest.xml:44:9-50:20
184            android:name="com.facebook.CurrentAccessTokenExpirationBroadcastReceiver"
184-->[com.facebook.android:facebook-core:12.2.0] AndroidManifest.xml:45:13-86
185            android:exported="false" >
185-->[com.facebook.android:facebook-core:12.2.0] AndroidManifest.xml:46:13-37
186            <intent-filter>
186-->[com.facebook.android:facebook-core:12.2.0] AndroidManifest.xml:47:13-49:29
187                <action android:name="com.facebook.sdk.ACTION_CURRENT_ACCESS_TOKEN_CHANGED" />
187-->[com.facebook.android:facebook-core:12.2.0] AndroidManifest.xml:48:17-95
187-->[com.facebook.android:facebook-core:12.2.0] AndroidManifest.xml:48:25-92
188            </intent-filter>
189        </receiver>
190        <receiver
190-->[com.facebook.android:facebook-core:12.2.0] AndroidManifest.xml:51:9-57:20
191            android:name="com.facebook.AuthenticationTokenManager$CurrentAuthenticationTokenChangedBroadcastReceiver"
191-->[com.facebook.android:facebook-core:12.2.0] AndroidManifest.xml:52:13-118
192            android:exported="false" >
192-->[com.facebook.android:facebook-core:12.2.0] AndroidManifest.xml:53:13-37
193            <intent-filter>
193-->[com.facebook.android:facebook-core:12.2.0] AndroidManifest.xml:54:13-56:29
194                <action android:name="com.facebook.sdk.ACTION_CURRENT_AUTHENTICATION_TOKEN_CHANGED" />
194-->[com.facebook.android:facebook-core:12.2.0] AndroidManifest.xml:55:17-103
194-->[com.facebook.android:facebook-core:12.2.0] AndroidManifest.xml:55:25-100
195            </intent-filter>
196        </receiver>
197
198        <uses-library
198-->[androidx.window:window:1.0.0-beta04] AndroidManifest.xml:25:9-27:40
199            android:name="androidx.window.extensions"
199-->[androidx.window:window:1.0.0-beta04] AndroidManifest.xml:26:13-54
200            android:required="false" />
200-->[androidx.window:window:1.0.0-beta04] AndroidManifest.xml:27:13-37
201        <uses-library
201-->[androidx.window:window:1.0.0-beta04] AndroidManifest.xml:28:9-30:40
202            android:name="androidx.window.sidecar"
202-->[androidx.window:window:1.0.0-beta04] AndroidManifest.xml:29:13-51
203            android:required="false" />
203-->[androidx.window:window:1.0.0-beta04] AndroidManifest.xml:30:13-37
204
205        <activity
205-->[com.google.firebase:firebase-auth:21.1.0] AndroidManifest.xml:27:9-44:20
206            android:name="com.google.firebase.auth.internal.GenericIdpActivity"
206-->[com.google.firebase:firebase-auth:21.1.0] AndroidManifest.xml:28:13-80
207            android:excludeFromRecents="true"
207-->[com.google.firebase:firebase-auth:21.1.0] AndroidManifest.xml:29:13-46
208            android:exported="true"
208-->[com.google.firebase:firebase-auth:21.1.0] AndroidManifest.xml:30:13-36
209            android:launchMode="singleTask"
209-->[com.google.firebase:firebase-auth:21.1.0] AndroidManifest.xml:31:13-44
210            android:theme="@android:style/Theme.Translucent.NoTitleBar" >
210-->[com.google.firebase:firebase-auth:21.1.0] AndroidManifest.xml:32:13-72
211            <intent-filter>
211-->[com.google.firebase:firebase-auth:21.1.0] AndroidManifest.xml:33:13-43:29
212                <action android:name="android.intent.action.VIEW" />
212-->src/main/AndroidManifest.xml:24:17-69
212-->src/main/AndroidManifest.xml:24:25-66
213
214                <category android:name="android.intent.category.DEFAULT" />
214-->src/main/AndroidManifest.xml:25:17-76
214-->src/main/AndroidManifest.xml:25:27-73
215                <category android:name="android.intent.category.BROWSABLE" />
215-->src/main/AndroidManifest.xml:26:17-78
215-->src/main/AndroidManifest.xml:26:27-75
216
217                <data
217-->src/main/AndroidManifest.xml:27:17-75
218                    android:host="firebase.auth"
219                    android:path="/"
220                    android:scheme="genericidp" />
220-->src/main/AndroidManifest.xml:27:23-72
221            </intent-filter>
222        </activity>
223        <activity
223-->[com.google.firebase:firebase-auth:21.1.0] AndroidManifest.xml:45:9-62:20
224            android:name="com.google.firebase.auth.internal.RecaptchaActivity"
224-->[com.google.firebase:firebase-auth:21.1.0] AndroidManifest.xml:46:13-79
225            android:excludeFromRecents="true"
225-->[com.google.firebase:firebase-auth:21.1.0] AndroidManifest.xml:47:13-46
226            android:exported="true"
226-->[com.google.firebase:firebase-auth:21.1.0] AndroidManifest.xml:48:13-36
227            android:launchMode="singleTask"
227-->[com.google.firebase:firebase-auth:21.1.0] AndroidManifest.xml:49:13-44
228            android:theme="@android:style/Theme.Translucent.NoTitleBar" >
228-->[com.google.firebase:firebase-auth:21.1.0] AndroidManifest.xml:50:13-72
229            <intent-filter>
229-->[com.google.firebase:firebase-auth:21.1.0] AndroidManifest.xml:51:13-61:29
230                <action android:name="android.intent.action.VIEW" />
230-->src/main/AndroidManifest.xml:24:17-69
230-->src/main/AndroidManifest.xml:24:25-66
231
232                <category android:name="android.intent.category.DEFAULT" />
232-->src/main/AndroidManifest.xml:25:17-76
232-->src/main/AndroidManifest.xml:25:27-73
233                <category android:name="android.intent.category.BROWSABLE" />
233-->src/main/AndroidManifest.xml:26:17-78
233-->src/main/AndroidManifest.xml:26:27-75
234
235                <data
235-->src/main/AndroidManifest.xml:27:17-75
236                    android:host="firebase.auth"
237                    android:path="/"
238                    android:scheme="recaptcha" />
238-->src/main/AndroidManifest.xml:27:23-72
239            </intent-filter>
240        </activity>
241
242        <provider
242-->[com.google.firebase:firebase-common:20.2.0] AndroidManifest.xml:25:9-30:39
243            android:name="com.google.firebase.provider.FirebaseInitProvider"
243-->[com.google.firebase:firebase-common:20.2.0] AndroidManifest.xml:26:13-77
244            android:authorities="com.amate.lynks.firebaseinitprovider"
244-->[com.google.firebase:firebase-common:20.2.0] AndroidManifest.xml:27:13-72
245            android:directBootAware="true"
245-->[com.google.firebase:firebase-common:20.2.0] AndroidManifest.xml:28:13-43
246            android:exported="false"
246-->[com.google.firebase:firebase-common:20.2.0] AndroidManifest.xml:29:13-37
247            android:initOrder="100" />
247-->[com.google.firebase:firebase-common:20.2.0] AndroidManifest.xml:30:13-36
248
249        <activity
249-->[com.google.android.gms:play-services-auth:20.4.1] AndroidManifest.xml:23:9-27:75
250            android:name="com.google.android.gms.auth.api.signin.internal.SignInHubActivity"
250-->[com.google.android.gms:play-services-auth:20.4.1] AndroidManifest.xml:24:13-93
251            android:excludeFromRecents="true"
251-->[com.google.android.gms:play-services-auth:20.4.1] AndroidManifest.xml:25:13-46
252            android:exported="false"
252-->[com.google.android.gms:play-services-auth:20.4.1] AndroidManifest.xml:26:13-37
253            android:theme="@android:style/Theme.Translucent.NoTitleBar" />
253-->[com.google.android.gms:play-services-auth:20.4.1] AndroidManifest.xml:27:13-72
254        <!--
255            Service handling Google Sign-In user revocation. For apps that do not integrate with
256            Google Sign-In, this service will never be started.
257        -->
258        <service
258-->[com.google.android.gms:play-services-auth:20.4.1] AndroidManifest.xml:33:9-37:51
259            android:name="com.google.android.gms.auth.api.signin.RevocationBoundService"
259-->[com.google.android.gms:play-services-auth:20.4.1] AndroidManifest.xml:34:13-89
260            android:exported="true"
260-->[com.google.android.gms:play-services-auth:20.4.1] AndroidManifest.xml:35:13-36
261            android:permission="com.google.android.gms.auth.api.signin.permission.REVOCATION_NOTIFICATION"
261-->[com.google.android.gms:play-services-auth:20.4.1] AndroidManifest.xml:36:13-107
262            android:visibleToInstantApps="true" />
262-->[com.google.android.gms:play-services-auth:20.4.1] AndroidManifest.xml:37:13-48
263
264        <activity
264-->[com.google.android.gms:play-services-base:18.0.1] AndroidManifest.xml:20:9-22:45
265            android:name="com.google.android.gms.common.api.GoogleApiActivity"
265-->[com.google.android.gms:play-services-base:18.0.1] AndroidManifest.xml:20:19-85
266            android:exported="false"
266-->[com.google.android.gms:play-services-base:18.0.1] AndroidManifest.xml:22:19-43
267            android:theme="@android:style/Theme.Translucent.NoTitleBar" />
267-->[com.google.android.gms:play-services-base:18.0.1] AndroidManifest.xml:21:19-78
268
269        <meta-data
269-->[com.google.android.gms:play-services-basement:18.1.0] AndroidManifest.xml:21:9-23:69
270            android:name="com.google.android.gms.version"
270-->[com.google.android.gms:play-services-basement:18.1.0] AndroidManifest.xml:22:13-58
271            android:value="@integer/google_play_services_version" />
271-->[com.google.android.gms:play-services-basement:18.1.0] AndroidManifest.xml:23:13-66
272    </application>
273
274</manifest>